<?xml version="1.0" encoding="UTF-8"?>
<!-- Generated by org.testng.reporters.JUnitReportReporter -->
<testsuite hostname="DESKTOP-LVJ1U8E" failures="0" tests="1" name="crm.CreateOrganisation" time="51.204" errors="0" timestamp="02 Jul 2021 13:01:30 GMT" skipped="0">
  <testcase classname="crm.CreateOrganisation" name="createOrganisationWithIndustryTest" time="51.204"/>
</testsuite> <!-- crm.CreateOrganisation -->
