<?xml version="1.0" encoding="UTF-8"?>
<!-- Generated by org.testng.reporters.JUnitReportReporter -->
<testsuite hostname="DESKTOP-LVJ1U8E" failures="0" tests="1" name="crm.Debug_The_Code" time="31.526" errors="0" timestamp="16 Jul 2021 08:22:13 GMT" skipped="0">
  <testcase classname="crm.Debug_The_Code" name="loginTest" time="31.526"/>
</testsuite> <!-- crm.Debug_The_Code -->
